<?xml version="1.0" encoding="utf-8"?><testsuites name="pytest tests"><testsuite name="pytest" errors="0" failures="0" skipped="0" tests="11" time="3.164" timestamp="2026-09-07T12:31:04.959678+00:00" hostname="agent-env-b8164783-d2ba-42ad-afc3-df1c500cd42e"><testcase classname="tests.backend_test" name="test_config" time="0.252" /><testcase classname="tests.backend_test" name="test_forecast" time="0.229" /><testcase classname="tests.backend_test" name="test_pace" time="0.342" /><testcase classname="tests.backend_test" name="test_optimize" time="0.138" /><testcase classname="tests.backend_test" name="test_optimize_validation" time="0.148" /><testcase classname="tests.backend_test" name="test_simulate" time="0.129" /><testcase classname="tests.backend_test" name="test_recommend_full_weekend_surge" time="0.183" /><testcase classname="tests.backend_test" name="test_recommend_off_season_fairness" time="0.155" /><testcase classname="tests.backend_test" name="test_recommend_validation" time="0.127" /><testcase classname="tests.backend_test" name="test_explain_and_cache" time="0.425" /><testcase classname="tests.backend_test" name="test_runs_create_and_list" time="0.420" /></testsuite></testsuites>